[   0.000000] Initializing cgroup subsys cpuset
[    0.000000] Initializing cgroup subsys cpu
[    0.000000] Initializing cgroup subsys cpuacct
[    0.000000] Linux version 4.4.0-166-generic (buildd@lcy01-amd64-020) (gcc version 5.4.0 20160609 (Ubuntu 5.4.0-6ubuntu1~16.04.10) ) #195-Ubuntu SMP Tue Oct 1 09:35:25 UTC 2019 (Ubuntu 4.4.0-166.195-generic 4.4.194)
[    0.000000] Command line: BOOT_IMAGE=/boot/vmlinuz-4.4.0-166-generic root=LABEL=cloudimg-rootfs ro console=tty1 console=ttyS0
[    0.000000] KERNEL supported cpus:
[    0.000000]   Intel GenuineIntel
[    0.000000]   AMD AuthenticAMD
[    0.000000]   Centaur CentaurHauls
[    0.000000] x86/fpu: xstate_offset[2]:  576, xstate_sizes[2]:  256
[    0.000000] x86/fpu: Supporting XSAVE feature 0x01: 'x87 floating point registers'
[    0.000000] x86/fpu: Supporting XSAVE feature 0x02: 'SSE registers'
[    0.000000] x86/fpu: Supporting XSAVE feature 0x04: 'AVX registers'
[    0.000000] x86/fpu: Enabled xstate features 0x7, context size is 832 bytes, using 'standard' format.
[    0.000000] e820: BIOS-provided physical RAM map:
[    0.000000] BIOS-e820: [mem 0x0000000000000000-0x000000000009fbff] usable
[    0.000000] BIOS-e820: [mem 0x000000000009fc00-0x000000000009ffff] reserved
[    0.000000] BIOS-e820: [mem 0x00000000000f0000-0x00000000000fffff] reserved
[    0.000000] BIOS-e820: [mem 0x0000000000100000-0x000000003ffeffff] usable
[    0.000000] BIOS-e820: [mem 0x000000003fff0000-0x000000003fffffff] ACPI data
[    0.0000] BIS-20 [mem x00000fec00000-0x00000000fec00fff] reserved
[    0.000000] BIOS-e820: [mem 0x00000000fee00000-0x00000000fee00fff] reserved
[    0.000000] BIOS-e820: [mem 0x00000000fffc0000-0x00000000ffffffff] reserved
[    0.000000] NX (Execute Disable) protection: active
[    0.000000] SMBIOS 2.5 present.
[    0.000000] Hypervisor detected: KVM
[    0.000000] Kernel/User page tables isolation: disabled
[    0.000000] e820: last_pfn = 0x3fff0 max_arch_pfn = 0x400000000
[    0.000000] MTRR: Disabled
[    0.000000] x86/PAT: MTRRs disabled, skipping PAT initialization too.
[    0.000000] CPU MTRRs all blank - virtualized system.
[    0.000000] x86/PAT: Configuration [0-7]: WB  WT  UC- UC  WB  WT  UC- UC  
[    0.000000] found SMP MP-table at [mem 0x0009fff0-0x0009ffff] mapped at [ffff88000009fff0]
[    0.000000] Scanning 1 areas for low memory corruption
[    0.000000] RAMDISK: [mem 0x362f6000-0x37172fff]
[    0.000000] ACPI: Early table checksum verification disabled
[    0.000000] ACPI: RSDP 0x00000000000E0000 000024 (v02 VBOX  )
[    0.000000] ACPI: XSDT 0x000000003FFF0030 00003C (v01 VBOX   VBOXXSDT 00000001 ASL  00000061)
[    0.000000] ACPI: FACP 0x000000003FFF00F0 0000F4 (v04 VBOX   VBOXFACP 00000001 ASL  00000061)
[    0.000000] ACPI: DSDT 0x000000003FFF0470 0021FF (v02 VBOX   VBOXBIOS 00000002 INTL 20180105)
[    0.000000] ACPI: FACS 0x000000003FFF0200 000040
[    0.000000] ACPI: FACS 0x000000003FFF0200 000040
[    0.000000] ACPI: APIC 0x000000003FFF0240 00005C (v02 VBOX   VBOXAPIC 00000001 ASL  00000061)
[    0.000000] ACPI: SSDT 0x000000003FFF02A0 0001CC (v01 VBOX   VBOXCPUT 00000002 INTL 20180105)
[    0.000000] No NUMA configuration found
[    0.000000] Faking a node at [mem 0x0000000000000000-0x000000003ffeffff]
[    0.000000] NODE_DATA(0) allocated [mem 0x3ffeb000-0x3ffeffff]
[    0.000000] kvm-clock: Using msrs 4b564d01 and 4b564d00
[    0.000000] kvm-clock: cpu 0, msr 0:3ffe3001, primary cpu clock
[    0.000000] kvm-clock: using sched offset of 3528674658 cycles
[    0.000000] clocksource: kvm-clock: mask: 0xffffffffffffffff max_cycles: 0x1cd42e4dffb, max_idle_ns: 881590591483 ns
[    0.000000] Zone ranges:
[    0.000000]   DMA      [mem 0x0000000000001000-0x0000000000ffffff]
[    0.000000]   DMA32    [mem 0x0000000001000000-0x000000003ffeffff]
[    0.000000]   Normal   empty
[    0.000000]   Device   empty
[    0.000000] Movable zone start for each node
[    0.000000] Early memory node ranges
[    0.000000]   node   0: [mem 0x0000000000001000-0x000000000009efff]
[    0.000000]   node   0:[mem 0x0000000000100000-0x000000003ffeffff]
[    0.000000] Initmem setup node 0 [mem 0x0000000000001000-0x000000003ffeffff]
[    0.000000] ACPI: PM-Timer IO Port: 0x4008
[    0.000000] IOAPIC[0]: apic_id 2, version 32, address 0xfec00000, GSI 0-23
[    0.000000] ACPI: INT_SRC_OVR (bus 0 bus_irq 0 global_irq 2 dfl dfl)
[    0.000000] ACPI: INT_SRC_OVR (bus 0 bus_irq 9 global_irq 9 low level)
[    0.000000] Using ACPI (MADT) for SMP configuration information
[    0.000000] smpboot: Allowing 2 CPUs, 0 hotplug CPUs
[    0.000000] PM: Registered nosave memory: [mem 0x00000000-0x00000fff]
[    0.000000] PM: Registered nosave memory: [mem 0x0009f000-0x0009ffff]
[    0.000000] PM: Registered nosave memory: [mem 0x000a0000-0x000effff]
[    0.000000] PM: Registered nosave memory: [mem 0x000f0000-0x000fffff]
[    0.000000] e820: [mem 0x40000000-0xfebfffff] available for PCI devices
[    0.000000] Booting paravirtualized kernel on KVM
[    0.000000] clocksource: refined-jiffies: mask: 0xffffffff max_cycles: 0xffffffff, max_idle_ns: 7645519600211568 ns
[    0.000000] setup_percpu: NR_CPUS:512 nr_cpumask_bits:512 nr_cpu_ids:2 nr_node_ids:1
[    0.000000] PERCPU: Embedded 34 pages/cpu @ffff88003fc00000 s99544 19 d318 1048576
[  0.000] Bui 1zonest in ode der, milty groin on.Toal pes 2572
[  000000] Policy zone: DMA32
[    0.000000] Kernel command line: BOOT_IMAGE=/boot/vmlinuz-4.4.0-166-generic root=LABEL=cloudimg-rootfs ro console=tty1 console=ttyS0
[    0.000000] PID hash table entries: 4096 (order: 3, 32768 bytes)
[    00000] mo: 997712K/1048120K available (8623K kernel code, 1336K rwdata, 4036K rodata, 1488K init, 1288K bss, 50408K reserved, 0K cma-reserved)
[    0.000000] SLUB: HWalign=64, Order=0-3, MinObjects=0, CPUs=2, Nodes=1
[    0.000000] Hierarchical RCU implementation.
[    0.000000] 	Build-time adjustment of leaf fanout to 64.
[    0.000000] 	RCU restricting CPUs from NR_CPUS=512 to nr_cpu_ids=2.
[    0.000000] RCU: Adjusting geometry for rcu_fanout_leaf=64, nr_cpu_ids=2
[    0.000000] NR_IRQS:33024 nr_irqs:440 16
[    0.000000] Console: colour VGA+ 80x25
[    0.000000] console [tty1] enabled
[    0.000000] console [ttyS0] enabled
[    0.000000] tsc: Detected 3593.380 MHz processor
[    0.000000] tsc: Marking TSC unstable due to TSCs unsynchronized
[    0.004000] Calibrating delay loop (skipped) preset value.. 7186.76 BogoMIPS (pj=14373520)
[    0.004000] pid_max: default: 32768 minimum: 301
[    0.004000] ACPI: Core revision 20150930
[    0.004000] ACPI: 2 ACPI AML tables successfully acquired and loaded
[    0.004000] Security Framework initialized
[    0.004000] Yama: becoming mindful.
[    0.004000] AppArmor: AppArmor initialized
[    0.004000] Dentry cache hash table entries: 131072 (order: 8, 1048576 bytes)
[   0.004000] Inode-cache hash table entries: 65536 (order: 7, 524288 bytes)
[    0.005077] Mount-cache hash table entries: 2048 (order: 2, 16384 bytes)
[    0.008011] Mountpoint-cache hash table entries: 2048 (order: 2, 16384 bytes)
[    0.009441] Initializing cgroup subsys io
[    0.010251] Initializing cgroup subsys memory
[    0.012012] Initializing cgroup subsys devices
[    0.016005] Initializing cgroup subsys freezer
[    0.016870] Initializing cgroup subsys net_cls
[    0.017730] Initializing cgroup subsys perf_event
[    0.020005] Initializing cgroup subsys net_prio
[    0.024006] Initializing cgroup subsys hugetlb
[    0.024875] Initializing cgroup subsys pids
[    0.025809] mce: CPU supports 0 MCE banks
[    0.028020] Last level iTLB entries: 4KB 512, 2MB 1024, 4MB 512
[    0.032003] Last level dTLB entries: 4KB 1024, 2MB 1024, 4MB 512, 1GB 0
[    0.036004] Spectre V1 : Mitigation: usercopy/swapgs barriers and __user pointer sanitization
[    0.037661] Spectre V2 : Spectre mitigation: LFENCE not serializing, switching to generic retpoline
[    0.040003] Spectre V2 : Mitigation: Full generic retpoline
[    0.041018] Spectre V2 : Spectre v2 / SpectreRSB mitigation: Filling RSB on context switch
[    0.044004] Speculative Store Bypass: Mitigation: Speculative Store Bypass disabled via prctl and seccomp
[    0.054007] Freeing SMP alternatives memory: 36K
[    0.064200] ftrace: allocating 32296 entries in 127 pages
[    0.088134] smpboot: APIC(0) Converting physical 0 to logical package 0
[    0.092006] smpboot: Max logical packages: 1
[    0.093163] x2apic enabled
[    0.094062] Switched APIC routing to physical x2apic.
[    0.096000] ..TIMER: vector=0x30 apic1=0 pin1=2 apic2=-1 pin2=-1
[    0.204929] smpboot: CPU0: AMD PRO A10-8750B R7, 12 Compute Cores 4C+8G (family: 0x15, model: 0x38, stepping: 0x1)
[    0.213090] Performance Events: Broken PMU hardware detected, using software events only.
[    0.214692] Failed to access perfctr msr (MSR c0010007 is 0)
[    0.228755] KVM setup paravirtual spinlock
[    0.232934] x86: Booting SMP configuration:
[    0.236004] .... node  #0, CPUs:      #1
[    0.004000] kvm-clock: cpu 1, msr 0:3ffe3041, secondary cpu clock
[    0.004000] mce: CPU supports 0 MCE banks
[    0.244528] x86: Booted up 1 node, 2 CPUs
[    0.245556] smpboot: Total of 2 processors activated (14373.52 BogoMIPS)
[    0.248442] devtmpfs: initialized
[    0.250939] evm: security.selinux
[    0.300013] evm: security.SMACK64
[    0.300713] evm: security.SMACK64EXEC
[    0.301440] evm: security.SMACK64TRANSMUTE
[    0.302221] evm: security.SMACK64MMAP
[    0.302971] evm: security.ima
[    0.376012] evm: security.capability
[    0.377050] clocksource: jiffies: mask: 0xffffffff max_cycles: 0xffffffff, max_idle_ns: 7645041785100000 ns
[    0.552081] futex hash table entries: 512 (order: 3, 32768 bytes)
[    0.554184] pinctrl core: initialized pinctrl subsystem
[    0.556177] RTC time:  0:16:57, date: 02/28/20
[    0.560415] NET: Registered protocol family 16
[    0.572023] cpuidle: using governor ladder
[    0.588020] cpuidle: using governor menu
[    0.676029] PCCT header not found.
[    0.677132] ACPI: bus type PCI registered
[    0.677951] acpiphp: ACPI Hot Plug PCI Controller Driver version: 0.5
[    0.680126] PCI: Using configuration type 1 for base access
[    0.681137] PCI: Using configuration type 1 for extended access
[    0.692129] ACPI: Added _OSI(Module Device)
[    0.696006] ACPI: Added _OSI(Processor Device)
[    0.700002] ACPI: Added _OSI(3.0 _SCP Extensions)
[    0.701076] ACPI: Added _OSI(Processor Aggregator Device)
[    0.708417] ACPI: Executed 1 blocks of module-level executable AML code
[    0.713138] ACPI: Interpreter enabled
[    0.716024] ACPI: (supports S0 S5)
[    0.720006] ACPI: Using IOAPIC for interrupt routing
[    0.721144] PCI: Using host bridge windows from ACPI; if necessary, use "pci=nocrs" and report a bug
[    0.730442] ACPI: PCI Root Bridge [PCI0] (domain 0000 [bus 00-ff])
[    0.732009] acpi PNP0A03:00: _OSC: OS supports [ExtendedConfig ASPM ClockPM Segments MSI]
[    0.736040] acpi PNP0A03:00: _OSC: OS now controls [PCIeHotplug PME AER PCIeCapability]
[    0.740231] PCI host bridge to bus 0000:00
[    0.744003] pci_bus 0000:00: root bus resource [io  0x0000-0x0cf7 window]
[    0.745167] pci_bus 0000:00: root bus resource [io  0x0d00-0xffff window]
[    0.748002] pci_bus 0000:00: root bus resource [mem 0x000a0000-0x000bffff window]
[    0.752003] pci_bus 0000:00: root bus resource [mem 0x40000000-0xfdffffff window]
[    0.756012] pci_bus 0000:00: root bus resource [bus 00-ff]
[    0.761448] pci 0000:00:01.1: legacy IDE quirk: reg 0x10: [io  0x01f0-0x01f7]
[    0.764004] pci 0000:00:01.1: legacy IDE quirk: reg 0x14: [io  0x03f6]
[    0.768003] pci 0000:00:01.1: legacy IDE quirk: reg 0x18: [io  0x0170-0x0177]
[    0.769213] pci 0000:00:01.1: legacy IDE quirk: reg 0x1c: [io  0x0376]
[    0.807960] pci 0000:00:07.0: quirk: [io  0x4000-0x403f] claimed by PIIX4 ACPI
[    0.808027] pci 0000:00:07.0: quirk: [io  0x4100-0x410f] claimed by PIIX4 SMB
[    0.836202] ACPI: PCI Interrupt Link [LNKA] (IRQs 5 9 10 *11)
[    0.856532] ACPI: PCI Interrupt Link [LNKB] (IRQs 5 9 *10 11)
[    0.864104] ACPI: PCI Interrupt Link [LNKC] (IRQs 5 *9 10 11)
[    0.868800] ACPI: PCI Interrupt Link [LNKD] (IRQs 5 9 10 *11)
[    0.876527] ACPI: Enabled 2 GPEs in block 00 to 07
[    0.880250] vgaarb: setting as boot device: PCI:0000:00:02.0
[    0.881010] vgaarb: device added: PCI:0000:00:02.0,decodes=io+mem,owns=io+mem,locks=none
[    0.884008] vgaarb: loaded
[    0.884630] vgaarb: bridge control possible 0000:00:02.0
[    0.885912] SCSI subsystem initialized
[    0.888062] ACPI: bus type USB registered
[    0.888870] usbcore: registered new interface driver usbfs
[    0.889855] usbcore: registered new interface driver hub
[    0.892022] usbcore: registered new device driver usb
[    0.893011] PCI: Using ACPI for IRQ routing
[    0.893116] NetLabel: Initializing
[    0.893830] NetLabel:  domain hash size = 128
[    0.896002] NetLabel:  protocols = UNLABELED CIPSOv4
[    0.896922] NetLabel:  unlabeled traffic allowed by default
[    0.897936] amd_nb: Cannot enumerate AMD northbridges
[    0.900054] clocksource: Switched to clocksource kvm-clock
[    0.911518] AppArmor: AppArmor Filesystem Enabled
[    0.918067] pnp: PnP ACPI init
[    0.919452] pnp: PnP ACPI: found 3 devices
[   .9309]losoce: ac_p: ma: ffffaxycs:xfff m_ie_: 8510 n
[  20772NE: egistered protocol family 2
[    2.306261] TCP established hash table entries: 8192 (order: 4, 65536 bytes)
[    2.307472] TCP bind hash table entries: 8192 (order: 5, 131072 bytes)
[    2.308613] TCP: Hash tables configured (established 8192 bind 8192)
[    2.309736] UDP hash table entries: 512 (order: 2, 16384 bytes)
[    2.3103]DPitha tlentes51(oer2,63 bes
[  2128]ET Registered protocol family 1
[    3.306240] pci 0000:00:00.0:imindictCICIrafe
  3.01] ci00001.: titi ISA DMA hang workarounds
[  4.246909] Unpacking initramfs...
[    4.574760] Freeing initrd memory: 14836K
[    4.699434] clocksource: tsc: mask: 0xffffffffffffffff max_cycles: 0x33cbe6008ea, max_idle_ns: 440795303427 ns
[    4.996152] platform rtc_cmos: registered platform RTC device (no PNP device found)
[    5.224764] Scanning for low memory corruption every 60 seconds
[    5.404876] audit: initializing netlink subsys (disabled)
[    5.552975] audit: type=2000 audit(1582849026.393:1): initialized
[    5.593184] Initialise system trusted keyring
[    5.594596] HugeTLB registered 2 MB page size, pre-allocated 0 pages
[    5.598273] zbud: loaded
[    5.601411] VFS: Disk quotas dquot_6.6.0
[    5.602406] VFS: Dquot-cache hash table entries: 512 (order 0, 4096 bytes)
[    5.604208] squashfs: version 4.0 (2009/01/31) Phillip Lougher
[    5.606071] fuse init (API version 7.23)
[    5.607652] Key type big_key registered
[    5.608830] Allocating IMA MOK and blacklist keyrings.
[    5.613771] Key type asymmetric registered
[    5.620367] Asymmetric key parser 'x509' registered
[    5.751427] Block layer SCSI generic (bsg) driver version 0.4 loaded (major 249)
[    5.888352] io scheduler noop registered
[    6.020362] io scheduler deadline registered (default)
[    6.175751] io scheduler cfq registered
[    6.194111] pci_hotplug: PCI Hot Plug PCI Core version: 0.5
[    6.195144] pciehp: PCI Express Hot Plug Controller Driver version: 0.4
[    6.196496] ACPI: AC Adapter [AC] (on-line)
[    6.197393] input: Power Button as /devices/LNXSYSTM:00/LNXPWRBN:00/input/input0
[    6.198888] ACPI: Power Button [PWRF]
[    6.199717] input: Sleep Button as /devices/LNXSYSTM:00/LNXSLPBN:00/input/input1
[    6.201275] ACPI: Sleep Button [SLPF]
[    6.283416] GHES: HEST is not enabled!
[    6.363289] Serial: 8250/16550 driver, 32 ports, IRQ sharing enabled
[    6.425138] 00:02: ttyS0 at I/O 0x3f8 (irq = 4, base_baud = 115200) is a 16550A
[    6.508079] Linux agpgart interface v0.103
[    6.601336] loop: module loaded
[    6.604036] scsi host0: ata_piix
[    6.611920] scsi host1: ata_piix
[    6.612902] ata1: PATA max UDMA/33 cmd 0x1f0 ctl 0x3f6 bmdma 0xd000 irq 14
[    6.614278] ata2: PATA max UDMA/33 cmd 0x170 ctl 0x376 bmdma 0xd008 irq 15
[    6.639087] libphy: Fixed MDIO Bus: probed
[    6.673161] tun: Universal TUN/TAP device driver, 1.6
[    6.682673] tun: (C) 1999-2004 Max Krasnyansky <maxk@qualcomm.com>
[    6.697318] PPP generic driver version 2.4.2
[    6.698266] ehci_hcd: USB 2.0 'Enhanced' Host Controller (EHCI) Driver
[    6.699399] ehci-pci: EHCI PCI platform driver
[    6.761625] ehci-platform: EHCI generic platform driver
[   8984oh_h: B 1 pen' Host Controller (OHCI) Driver
[    7.309906] ohci-pci: OHCI PCI platform driver
[    7.310786] ohci-platform: OHCI generic platform driver
[    7.313058] uhci_hcd: USB Universal Host Controller Interface driver
[    7.314231] i8042: PNP: PS/2 Controller [PNP0303:PS2K,PNP0f03:PS2M] at 0x60,0x64 irq 1,12
[    7.316289] serio: i8042 KBD port at 0x60,0x64 irq 1
[    7.317038] serio: i8042 AUX port at 0x60,0x64 irq 12
[    7.318625] mousedev: PS/2 mouse device common for all mice
[    7.320282] input: AT Translated Set 2 keyboard as /devices/platform/i8042/serio0/input/input2
[    7.323821] rtc_cmos rtc_cmos: rtc core: registered rtc_cmos as rtc0
[    7.324989] rtc_cmos rtc_cmos: alarms up to one day, 114 bytes nvram
[    7.326082] i2c /dev entries driver
[    7.326872] device-mapper: uevent: version 1.0.3
[    7.333322] device-mapper: ioctl: 4.34.0-ioctl (2015-10-28) initialised: dm-devel@redhat.com
[    7.337331] ledtrig-cpu: registered to indicate activity on CPUs
[    7.339182] x86/pm: family 0x15 cpu detected, MSR saving is needed during suspending.
[    7.342360] NET: Registered protocol family 10
[    7.344167] NET: Registered protocol family 17
[    7.345327] Key type dns_resolver registered
[    7.347095] registered taskstats version 1
[    7.348203] Loading compiled-in X.509 certificates
[    7.350566] Loaded X.509 cert 'Build time autogenerated kernel key: 75bc1b51278a37d3abb49bab6b1b0161a6cc9ec0'
[    7.353128] zswap: loaded using pool lzo/zbud
[    7.356422] Key type trusted registered
[    7.445690] Key type encrypted registered
[    7.511345] AppArmor: AppArmor sha1 policy hashing enabled
[    7.578899] ima: No TPM chip found, activating TPM-bypass!
[    7.687985] ima: Allocated hash algorithm: sha1
[    7.688925] evm: HMAC attrs: 0x1
[    7.690041]   Magic number: 8:794:254
[    7.690964] rtc_cmos rtc_cmos: setting system clock to 2020-02-28 00:17:05 UTC (1582849025)
[    7.692728] BIOS EDD facility v0.16 2004-Jun-25, 0 devices found
[    7.705275] EDD information not available.
[    7.708905] Freeing unused kernel memory: 1488K
[    7.724176] Write protecting the kernel read-only data: 14336k
[    7.756021] Freeing unused kernel memory: 1604K
[    7.775809] Freeing unused kernel memory: 60K
Loading, please wait...
[    7.798291] random: systemd-udevd: uninitialized urandom read (16 bytes read, 2 bits of entropy available)
starting version 229
[    7.799658] random: udevadm: uninitialized urandom read (16 bytes read, 2 bits of entropy available)
[    7.799693] random: udevadm: uninitialized urandom read (16 bytes read, 2 bits of entropy available)
[    7.813467] random: udevadm: uninitialized urandom read (16 bytes read, 2 bits of entropy available)
[    7.813521] random: udevadm: uninitialized urandom read (16 bytes read, 2 bits of entropy available)
[    7.813686] random: udevadm: uninitialized urandom read (16 bytes read, 2 bits of entropy available)
[    7.813747] random: udevadm: uninitialized urandom read (16 bytes read, 2 bits of entropy available)
[    7.813806] random: udevadm: uninitialized urandom read (16 bytes read, 2 bits of entropy available)
[    7.813866] random: udevadm: uninitialized urandom read (16 bytes read, 2 bits of entropy available)
[    7.813925] random: udevadm: uninitialized urandom read (16 bytes read, 2 bits of entropy available)
[    8.036412] e1000: Intel(R) PRO/1000 Network Driver - version 7.3.21-k8-NAPI
[    8.043153] e1000: Copyright (c) 1999-2006 Intel Corporation.
[    8.060132] Fusion MPT base driver 3.04.20
[    8.090712] Copyright (c) 1999-2008 LSI Corporation
[    8.138277] AVX version of gcm_enc/dec engaged.
[    8.144541] AES CTR mode by8 optimization enabled
[    8.148745] Fusion MPT SPI Host driver 3.04.20
[    8.250776] input: ImExPS/2 Generic Explorer Mouse as /devices/platform/i8042/serio1/input/input4
[    8.443051] e1000 0000:00:03.0 eth0: (PCI:33MHz:32-bit) 02:95:cf:22:ea:76
[    8.534708] e1000 0000:00:03.0 eth0: Intel(R) PRO/1000 Network Connection
[    8.881895] e1000 0000:00:08.0 eth1: (PCI:33MHz:32-bit) 08:00:27:30:5d:2c
[    8.888582] e1000 0000:00:08.0 eth1: Intel(R) PRO/1000 Network Connection
[    8.890919] e1000 0000:00:03.0 enp0s3: renamed from eth0
[    8.893996] mptbase: ioc0: Initiating bringup
[    8.916660] e1000 0000:00:08.0 enp0s8: renamed from eth1
[    8.964455] ioc0: LSI53C1030 A0: Capabilities={Initiator}
[    9.143654] scsi host2: ioc0: LSI53C1030 A0, FwRev=00000000h, Ports=1, MaxQ=256, IRQ=20
[    9.264751] scsi 2:0:0:0: Direct-Access     VBOX     HARDDISK         1.0  PQ: 0 ANSI: 5
[    9.302602] scsi target2:0:0: Beginning Domain Validation
[    9.305540] scsi target2:0:0: Domain Validation skipping write tests
[    9.318035] scsi target2:0:0: Ending Domain Validation
[    9.319115] scsi target2:0:0: asynchronous
[    9.320715] scsi 2:0:1:0: Direct-Access     VBOX     HARDDISK         1.0  PQ: 0 ANSI: 5
[    9.322339] scsi target2:0:1: Beginning Domain Validation
[    9.325279] scsi target2:0:1: Domain Validation skipping write tests
[    9.326398] scsi target2:0:1: Ending Domain Validation
[    9.327451] scsi target2:0:1: asynchronous
[    9.335943] sd 2:0:0:0: Attached scsi generic sg0 type 0
[    9.336179] sd 2:0:0:0: [sda] 20971520 512-byte logical blocks: (10.7 GB/10.0 GiB)
[    9.336360] sd 2:0:0:0: [sda] Write Protect is off
[    9.336484] sd 2:0:0:0: [sda] Incomplete mode parameter data
[    9.336486] sd 2:0:0:0: [sda] Assuming drive cache: write through
[    9.337985]  sda: sda1
[    9.338765] sd 2:0:0:0: [sda] Attached SCSI disk
[    9.986891] sd 2:0:1:0: [sdb] 20480 512-byte logical blocks: (10.5 MB/10.0 MiB)
[   10.005443] sd 2:0:1:0: Attached scsi generic sg1 type 0
[   10.006637] sd 2:0:1:0: [sdb] Write Protect is off
[   10.007564] sd 2:0:1:0: [sdb] Incomplete mode parameter data
[   10.009613] sd 2:0:1:0: [sdb] Assuming drive cache: write through
[   10.032344] sd 2:0:1:0: [sdb] Attached SCSI disk
Begin: Loading e[   11.620268] md: linear personality registered for level -1
ssential drivers ... [   11.659696] md: multipath personality registered for level -4
[   11.674825] md: raid0 personality registered for level 0
[   11.687120] md: raid1 personality registered for level 1
[   11.800048] raid6: sse2x1   gen()  6268 MB/s
[   11.872069] raid6: sse2x1   xor()  4420 MB/s
[   11.948044] raid6: sse2x2   gen()  9522 MB/s
[   12.024024] raid6: sse2x2   xor()  6236 MB/s
[   12.204040] raid6: sse2x4   gen() 11208 MB/s
[   12.292041] raid6: sse2x4   xor()  5343 MB/s
[   12.415293] raid6: using algorithm sse2x4 gen() 11208 MB/s
[   12.524771] raid6: .... xor() 5343 MB/s, rmw enabled
[   12.525673] raid6: using ssse3x2 recovery algorithm
[   12.528468] xor: automatically using best checksumming function:
[   12.576200]    avx       :  9829.000 MB/sec
[   12.587888] async_tx: api initialized (async)
[   12.608649] md: raid6 personality registered for level 6
[   12.620647] md: raid5 personality registered for level 5
[   12.680594] md: raid4 personality registered for level 4
[   12.696654] md: raid10 personality registered for level 10
done.
Begin: Running /scripts/init-premount ... done.
Begin: Mounting root file system ... Begin: Running /scripts/local-top ... done.
Begin: [   12.756017] Btrfs loaded
Running /scripts/local-premount ... Scanning for Btrfs filesyste[   12.839237] EXT4-fs (sda1): INFO: recovery required on readonly filesystem
ms
done.
Warni[   12.883287] EXT4-fs (sda1): write access will be enabled during recovery
ng: fsck not present, so skipping root file system
[   13.031859] EXT4-fs (sda1): recovery complete
[   13.668403] EXT4-fs (sda1): mounted filesystem with ordered data mode. Opts: (null)
done.
Begin: Running /scripts/local-bottom ... done.
Begin: Running /scripts/init-bottom ... done.
[   15.742928] systemd[1]: systemd 229 running in system mode. (+PAM +AUDIT +SELINUX +IMA +APPARMOR +SMACK +SYSVINIT +UTMP +LIBCRYPTSETUP +GCRYPT +GNUTLS +ACL +XZ -LZ4 +SECCOMP +BLKID +ELFUTILS +KMOD -IDN)
[   15.856481] systemd[1]: Detected virtualization oracle.
[   15.857440] systemd[1]: Detected architecture x86-64.

Welcome to [1mUbuntu 16.04.6 LTS[0m!

[   15.904711] systemd[1]: Set hostname to <ubuntu-xenial>.
[   16.115025] random: nonblocking pool is initialized
[   16.689465] systemd[1]: Reached target Swap.
[[0;32m  OK  [0m] Reached target Swap.
[   16.817353] systemd[1]: Created slice User and Session Slice.
[[0;32m  OK  [0m] Created slice User and Session Slice.
[   16.856504] systemd[1]: Listening on Device-mapper event daemon FIFOs.
[[0;32m  OK  [0m] Listening on Device-mapper event daemon FIFOs.
[   16.868515] systemd[1]: Set up automount Arbitrary Executable File Formats File System Automount Point.
[[0;32m  OK  [0m] Set up automount Arbitrary Executab...ats File System Automount Point.
[   17.232539] systemd[1]: Listening on Journal Audit Socket.
[[0;32m  OK  [0m] Listening on Journal Audit Socket.
[   17.432332] systemd[1]: Listening on LVM2 poll daemon socket.
[[0;32m  OK  [0m] Listening on LVM2 poll daemon socket.
[   17.436609] systemd[1]: Listening on udev Control Socket.
[[0;32m  OK  [0m] Listening on udev Control Socket.
[   17.440644] systemd[1]: Reached target System Time Synchronized.
[[0;32m  OK  [0m] Reached target System Time Synchronized.
[   17.516783] systemd[1]: Listening on Journal Socket.
[[0;32m  OK  [0m] Listening on Journal Socket.
[   17.519100] systemd[1]: Created slice System Slice.
[[0;32m  OK  [0m] Created slice System Slice.
[   17.526450] systemd[1]: Reached target Slices.
[[0;32m  OK  [0m] Reached target Slices.
[   17.540264] systemd[1]: Starting Create list of required static device nodes for the current kernel...
         Starting Create list of required st... nodes for the current kernel...
[   17.565816] systemd[1]: Starting Uncomplicated firewall...
         Starting Uncomplicated firewall...
[   17.608526] systemd[1]: Starting Remount Root and Kernel File Systems...
         Starting Remount Root and Kernel File Systems...
[   17.676477] systemd[1]: Starting Load Kernel Modules...
         [   17.753165] EXT4-fs (sda1): re-mounted. Opts: (null)
Starting Load Kernel Modules...
[   17.794253] systemd[1]: Mounting POSIX Message Queue File System...
[   17.818828] Loading iSCSI transport class v2.0-870.
         Mounting POSIX Message Queue File System...
[   17.822662] systemd[1]: Mounting Debug File System...
         Mounting Debug File System...
[   17.843263] systemd[1]: Created slice system-serial\x2dgetty.slice.
[[0;32m  OK  [0m] Created slice system-serial\x2dgetty.slice.
[   17.901888] systemd[1]: Listening on Journal Socket (/dev/log).
[   17.906423] iscsi: registered transport (tcp)
[[0;32m  OK  [0m] Listening on Journal Socket (/dev/log).
[   17.909422] systemd[1]: Reached target User and Group Name Lookups.
[[0;32m  OK  [0m] Reached target User and Group Name Lookups.
[   17.913036] systemd[1]: Reached target Encrypted Volumes.
[[0;32m  OK  [0m] Reached target Encrypted Volumes.
[   17.926338] systemd[1]: Listening on /dev/initctl Compatibility Named Pipe.
[[0;32m  OK  [0m] Listening on /dev/initctl Compatibility Named Pipe.
[   17.952196] systemd[1]: Mounting Huge Pages File System...
         Mounting Huge Pages File System.[   18.082147] iscsi: registered transport (iser)
..
[   18.091511] systemd[1]: Started Forward Password Requests to Wall Directory Watch.
[[0;32m  OK  [0m] Started Forward Password Requests to Wall Directory Watch.
[   18.120280] systemd[1]: Starting Set console keymap...
         Starting Set console keymap...
[   18.144358] systemd[1]: Started Trigger resolvconf update for networkd DNS.
[[0;32m  OK  [0m] Started Trigger resolvconf update for networkd DNS.
[   18.343544] systemd[1]: Listening on LVM2 metadata daemon socket.
[[0;32m  OK  [0m] Listening on LVM2 metadata daemon socket.
[   18.396310] systemd[1]: Starting Monitoring of LVM2 mirrors, snapshots etc. using dmeventd or progress polling...
         Starting Monitoring of LVM2 mirrors... dmeventd or progress polling...
[   18.428503] systemd[1]: Listening on Syslog Socket.
[[0;32m  OK  [0m] Listening on Syslog Socket.
[   18.464389] systemd[1]: Starting Journal Service...
         Starting Journal Service...
[   18.483521] systemd[1]: Listening on udev Kernel Socket.
[[0;32m  OK  [0m] Listening on udev Kernel Socket.
[   18.508381] systemd[1]: Starting Nameserver information manager...
         Starting Nameserver information manager...
[   18.562200] systemd[1]: Mounted POSIX Message Queue File System.
[[0;32m  OK  [0m] Mounted POSIX Message Queue File System.
[   18.596782] systemd[1]: Mounted Huge Pages File System.
[[0;32m  OK  [0m] Mounted Huge Pages File System.
[   18.601476] systemd[1]: Mounted Debug File System.
[[0;32m  OK  [0m] Mounted Debug File System.
[   18.607326] systemd[1]: Started Journal Service.
[[0;32m  OK  [0m] Started Journal Service.
[[0;32m  OK  [0m] Started Create list of required sta...ce nodes for the current kernel.
[[0;32m  OK  [0m] Started Uncomplicated firewall.
[[0;32m  OK  [0m] Started Remount Root and Kernel File Systems.
[[0;32m  OK  [0m] Started Load Kernel Modules.
[[0;32m  OK  [0m] Started Set console keymap.
[[0;32m  OK  [0m] Started Nameserver information manager.
[[0;32m  OK  [0m] Started LVM2 metadata daemon.
         Mounting FUSE Control File System...
         Starting Apply Kernel Variables...
         Starting Load/Save Random Seed...
         Starting udev Coldplug all Devices...
         Starting Create Static Device Nodes in /dev...
         Starting Flush Journal to Persistent Storage...
[[0;32m  OK  [0m] Mounted FUSE Control File System.
[[0;32m  OK  [0m] Started Apply Kernel Variables.
[[0;32m  OK  [0m] Started Load/Save Random Seed.
[[0;32m  OK  [0m] Started udev Coldplug all Devices.
[[0;32m  OK  [0m] Started Create Static Device Nodes in /dev.
[[0;32m  OK  [0m] Started Flush Journal to Persistent Storage.
         Starting udev Kernel Device Manager...
[[0;32m  OK  [0m] Started Monitoring of LVM2 mirrors,...ng dmeventd or progress polling.
[[0;32m  OK  [0m] Reached target Local File Systems (Pre).
[[0;32m  OK  [0m] Reached target Local File Systems.
         Starting LSB: AppArmor initialization...
         Starting Tell Plymouth To Write Out Runtime Data...
         Starting Set console font and keymap...
         Starting Create Volatile Files and Directories...
         Starting Initial cloud-init job (pre-networking)...
[[0;32m  OK  [0m] Started udev Kernel Device Manager.
[[0;32m  OK  [0m] Started Tell Plymouth To Write Out Runtime Data.
[[0;32m  OK  [0m] Started Dispatch Password Requests to Console Directory Watch.
[[0;32m  OK  [0m] Started Create Volatile Files and Directories.
         Starting Update UTMP about System Boot/Shutdown...
[[0;32m  OK  [0m] Started Update UTMP about System Boot/Shutdown.
[[0;32m  OK  [0m] Found device /dev/ttyS0.
[[0;32m  OK  [0m] Listening on Load/Save RF Kill Switch Status /dev/rfkill Watch.
[[0;32m  OK  [0m] Found device 82540EM Gigabit Ethern...r (PRO/1000 MT Desktop Adapter).
[[0;32m  OK  [0m] Found device 82540EM Gigabit Ethern...r (PRO/1000 MT Desktop Adapter).
[[0;32m  OK  [0m] Started LSB: AppArmor initialization.
[[0;32m  OK  [0m] Started Set console font and keymap.
[[0;32m  OK  [0m] Created slice system-getty.slice.
[   22.425554] cloud-init[482]: Cloud-init v. 19.2-36-g059d049c-0ubuntu2~16.04.1 running 'init-local' at Fri, 28 Feb 2020 00:17:19 +0000. Up 21.81 seconds.
[[0;32m  OK  [0m] Started Initial cloud-init job (pre-networking).
[[0;32m  OK  [0m] Reached target Network (Pre).
[[0;32m  OK  [0m] Started ifup for enp0s8.
         Starting Raise network interfaces...
[[0;32m  OK  [0m] Started ifup for enp0s3.
[[0;32m  OK  [0m] Started Raise network interfaces.
[[0;32m  OK  [0m] Reached target Network.
         Starting Initial cloud-init job (metadata service crawler)...
[   23.971433] cloud-init[1076]: Cloud-init v. 19.2-36-g059d049c-0ubuntu2~16.04.1 running 'init' at Fri, 28 Feb 2020 00:17:21 +0000. Up 23.37 seconds.
[   23.979826] cloud-init[1076]: ci-info: ++++++++++++++++++++++++++++++++++++++Net device info+++++++++++++++++++++++++++++++++++++++
[   24.010762] cloud-init[1076]: ci-info: +--------+------+-----------------------------+---------------+--------+-------------------+
[   24.015509] cloud-init[1076]: ci-info: | Device |  Up  |           Address           |      Mask     | Scope  |     Hw-Address    |
[   24.028409] cloud-init[1076]: ci-info: +--------+------+-----------------------------+---------------+--------+-------------------+
[   24.037443] cloud-init[1076]: ci-info: | enp0s3 | True |          10.0.2.15          | 255.255.255.0 | global | 02:95:cf:22:ea:76 |
[   24.040701] cloud-init[1076]: ci-info: | enp0s3 | True |  fe80::95:cfff:fe22:ea76/64 |       .       |  link  | 02:95:cf:22:ea:76 |
[   24.043767] cloud-init[1076]: ci-info: | enp0s8 | True |        192.168.200.3        | 255.255.255.0 | global | 08:00:27:30:5d:2c |
[[   24.048989] cloud-init[1076]: ci-info: | enp0s8 | True | fe80::a00:27ff:fe30:5d2c/64 |       .       |  link  | 08:00:27:30:5d:2c |
[   24.049295] cloud-init[1076]: ci-info: |   lo   | True |          127.0.0.1          |   255.0.0.0   |  host  |         .         |
[   24.049473] cloud-init[1076]: ci-info: |   lo   | True |           ::1/128           |       .       |  host  |         .         |
[   24.049641] cloud-init[1076]: ci-info: +--------+------+-----------------------------+---------------+--------+-------------------+
[   24.049797] cloud-init[1076]: ci-info: ++++++++++++++++++++++++++++Route IPv4 info+++++++++++++++++++++++++++++
[   24.049963] cloud-init[1076]: ci-info: +-------+---------------+----------+---------------+-----------+-------+
[   24.050123] cloud-init[1076]: ci-info: | Route |  Destination  | Gateway  |    Genmask    | Interface | Flags |
[   24.050279] cloud-init[1076]: ci-info: +-------+---------------+----------+---------------+-----------+-------+
[   24.050448] cloud-init[1076]: ci-info: |   0   |    0.0.0.0    | 10.0.2.2 |    0.0.0.0    |   enp0s3  |   UG  |
[   24.050624] cloud-init[1076]: ci-info: |   1   |    10.0.2.0   | 0.0.0.0  | 255.255.255.0 |   enp0s3  |   U   |
[   24.050777] cloud-init[1076]: ci-info: |   2   | 192.168.200.0 | 0.0.0.0  | 255.255.255.0 |   enp0s8  |   U   |
[   24.051295] cloud-init[1076]: ci-info: +-------+---------------+----------+---------------+-----------+-------+
[0;32m  OK  [0m] Started Initial cloud-init job (metadata service crawler).
[   24.051448] cloud-init[1076]: ci-info: +++++++++++++++++++Route IPv6 info+++++++++++++++++++
[   24.138763] cloud-init[1076]: ci-info: +-------+-------------+---------+-----------+-------+
[[0;32m  OK  [0m] Reached target System Initialization.
[[   24.139527] cloud-init[1076]: ci-info: | Route | Destination | Gateway | Interface | Flags |
[   24.224220] cloud-init[1076]: ci-info: +-------+-------------+---------+-----------+-------+
[0;32m  OK  [0m] Started Daily apt download activities.
         Starting Socket activation for snappy daemon.
[[0;32m  OK  [0m] Started Daily apt upgrade and clean activities.
[[0;32m  OK  [0m] Listening on UUID daemon activation socket.
[   24.224663] cloud-init[1076]: ci-info: |   0   |  fe80::/64  |    ::   |   enp0s8  |   U   |
[[   24.238520] cloud-init[1076]: ci-info: |   1   |  fe80::/64  |    ::   |   enp0s3  |   U   |
[   24.238773] cloud-init[1076]: ci-info: |   4   |   ff00::/8  |    ::   |   enp0s8  |   U   |
[0;32m  OK  [0m] Started ACPI Events Check.
[[   24.239501] cloud-init[1076]: ci-info: |   5   |   ff00::/8  |    ::   |   enp0s3  |   U   |
[   24.242889] cloud-init[1076]: ci-info: +-------+-------------+---------+-----------+-------+
[0;32m  OK  [0m] Reached target Paths.
[[0;32m  OK  [0m] Started Message of the Day.
[[0;32m  OK  [0m] Listening on D-Bus System Message Bus Socket.
         Starting LXD - unix socket.
[[0;32m  OK  [0m] Listening on ACPID Listen Socket.
[[0;32m  OK  [0m] Started Daily Cleanup of Temporary Directories.
[[0;32m  OK  [0m] Reached target Timers.
[[0;32m  OK  [0m] Reached target Cloud-config availability.
[[0;32m  OK  [0m] Reached target Network is Online.
         Starting iSCSI initiator daemon (iscsid)...
[[0;32m  OK  [0m] Listening on Socket activation for snappy daemon.
[[0;32m  OK  [0m] Listening on LXD - unix socket.
[[0;32m  OK  [0m] Reached target Sockets.
[[0;32m  OK  [0m] Reached target Basic System.
[[0;32m  OK  [0m] Started Regular background program processing daemon.
         Starting /etc/rc.local Compatibility...
         Starting Accounts Service...
[[0;32m  OK  [0m] Started Deferred execution scheduler.
[[0;32m  OK  [0m] Started FUSE filesystem for LXC.
         Starting System Logging Service...
         Starting LSB: MD monitoring daemon...
         Starting OpenBSD Secure Shell server...
         Starting LSB: Record successful boot for GRUB...
         Starting LXD - container startup/shutdown...
[[0;32m  OK  [0m] Started D-Bus System Message Bus.
[[0;32m  OK  [0m] Started ACPI event daemon.
         Starting Login Service...
         Starting Virtualbox guest utils...
         Starting Snappy daemon...
[[0;32m  OK  [0m] Started System Logging Service.
[[0;32m  OK  [0m] Started iSCSI initiator daemon (iscsid).
[[0;32m  OK  [0m] Started /etc/rc.local Compatibility.
[[0;32m  OK  [0m] Started OpenBSD Secure Shell server.
         Starting Authenticate and Authorize Users to Run Privileged Tasks...
         Starting Login to default iSCSI targets...
[[0;32m  OK  [0m] Started Login Service.
[[0;32m  OK  [0m] Started Unattended Upgrades Shutdown.
[[0;32m  OK  [0m] Started LSB: Record successful boot for GRUB.
[[0;32m  OK  [0m] Started LSB: MD monitoring daemon.
[[0;32m  OK  [0m] Started Login to default iSCSI targets.
[[0;32m  OK  [0m] Reached target Remote File Systems (Pre).
[[0;32m  OK  [0m] Reached target Remote File Systems.
         Starting LSB: daemon to balance interrupts for SMP systems...
         Starting LSB: automatic crash report generation...
         Starting LSB: Set the CPU Frequency Scaling governor to "ondemand"...
         Starting Permit User Sessions...
[[0;32m  OK  [0m] Started Authenticate and Authorize Users to Run Privileged Tasks.
[[0;32m  OK  [0m] Started LXD - container startup/shutdown.
[[0;32m  OK  [0m] Started Permit User Sessions.
[[0;32m  OK  [0m] Started Accounts Service.
[[0;32m  OK  [0m] Started Virtualbox guest utils.
         Starting Hold until boot process finishes up...
         Starting Terminate Plymouth Boot Screen...
[[0;32m  OK  [0m] Started LSB: Set the CPU Frequency Scaling governor to "ondemand".
[[0;32m  OK  [0m] Started LSB: daemon to balance interrupts for SMP systems.
[[0;32m  OK  [0m] Started LSB: automatic crash report generation.
[[0;32m  OK  [0m] Started Hold until boot process finishes up.
[[0;32m  OK  [0m] Started Terminate Plymouth Boot Screen.
[[0;32m  OK  [0m] Started Serial Getty on ttyS0.
[[0;32m  OK  [0m] Started Getty on tty1.
[[0;32m  OK  [0m] Reached target Login Prompts.
         Starting Set console scheme...
[[0;32m  OK  [0m] Started Set console scheme.
[[0;32m  OK  [0m] Created slice User Slice of vagrant.
         Starting User Manager for UID 1000...
[[0;32m  OK  [0m] Started Session 1 of user vagrant.
[[0;32m  OK  [0m] Started User Manager for UID 1000.
[[0;32m  OK  [0m] Started Snappy daemon.
         Starting Wait until snapd is fully seeded...
[[0;32m  OK  [0m] Started Wait until snapd is fully seeded.
         Starting Apply the settings specified in cloud-config...
[[0;32m  OK  [0m] Reached target Multi-User System.
[[0;32m  OK  [0m] Reached target Graphical Interface.
         Starting Update UTMP about System Runlevel Changes...
[[0;32m  OK  [0m] Started Update UTMP about System Runlevel Changes.
[   27.735835] cloud-init[1363]: Cloud-init v. 19.2-36-g059d049c-0ubuntu2~16.04.1 running 'modules:config' at Fri, 28 Feb 2020 00:17:25 +0000. Up 27.51 seconds.
[[0;32m  OK  [0m] Started Apply the settings specified in cloud-config.
         Starting Execute cloud user/final scripts...
[   28.379131] cloud-init[1423]: Cloud-init v. 19.2-36-g059d049c-0ubuntu2~16.04.1 running 'modules:final' at Fri, 28 Feb 2020 00:17:26 +0000. Up 28.20 seconds.
[   28.439680] cloud-init[1423]: Cloud-init v. 19.2-36-g059d049c-0ubuntu2~16.04.1 finished at Fri, 28 Feb 2020 00:17:26 +0000. Datasource DataSourceNoCloud [seed=/dev/sdb][dsmode=net].  Up 28.36 seconds
[[0;32m  OK  [0m] Started Execute cloud user/final scripts.
[[0;32m  OK  [0m] Reached target Cloud-init target.

Ubuntu 16.04.6 LTS ubuntu-xenial ttyS0

ubuntu-xenial login: 